<?xml version="1.0" encoding="UTF-8"?>
<!-- Generated by org.testng.reporters.JUnitXMLReporter -->
<testsuite hostname="DESKTOP-0UO3A38" ignored="0" name="Test" tests="4" failures="0" timestamp="2021-07-22T14:23:34 IST" time="0.247" errors="0">
  <testcase name="test01" time="0.047" classname="demo.Testng01"/>
  <testcase name="test02" time="0.004" classname="demo.Testng01"/>
  <testcase name="test03" time="0.003" classname="demo.Testng01"/>
  <testcase name="test04" time="0.003" classname="demo.Testng01"/>
</testsuite> <!-- Test -->
