<?xml version="1.0" encoding="UTF-8"?>
<!-- Generated by org.testng.reporters.JUnitXMLReporter -->
<testsuite hostname="DESKTOP-0UO3A38" ignored="0" name="Test" tests="4" failures="0" timestamp="2021-07-22T14:58:36 IST" time="0.02" errors="0">
  <testcase name="test05" time="0.001" classname="demo.Testng02"/>
  <testcase name="test06" time="0.002" classname="demo.Testng02"/>
  <testcase name="test07" time="0.001" classname="demo.Testng02"/>
  <testcase name="test08" time="0.002" classname="demo.Testng02"/>
</testsuite> <!-- Test -->
