<?xml version="1.0" encoding="UTF-8"?>
<testng-results skipped="0" failed="0" ignored="0" total="8" passed="8">
  <reporter-output>
    <line>
      <![CDATA[open app]]>
    </line>
    <line>
      <![CDATA[Test executed]]>
    </line>
    <line>
      <![CDATA[open app]]>
    </line>
    <line>
      <![CDATA[Test executed]]>
    </line>
  </reporter-output>
  <suite name="Suite3" duration-ms="102" started-at="2021-07-22T15:04:00 IST" finished-at="2021-07-22T15:04:00 IST">
    <groups>
    </groups>
    <test name="xyz" duration-ms="102" started-at="2021-07-22T15:04:00 IST" finished-at="2021-07-22T15:04:00 IST">
      <class name="demo.Testng01">
        <test-method status="PASS" signature="test01()[pri:0, instance:demo.Testng01@3fd7a715]" name="test01" duration-ms="12" started-at="2021-07-22T15:04:00 IST" finished-at="2021-07-22T15:04:00 IST">
          <reporter-output>
          </reporter-output>
        </test-method> <!-- test01 -->
        <test-method status="PASS" signature="test02()[pri:0, instance:demo.Testng01@3fd7a715]" name="test02" duration-ms="3" started-at="2021-07-22T15:04:00 IST" finished-at="2021-07-22T15:04:00 IST">
          <reporter-output>
            <line>
              <![CDATA[open app]]>
            </line>
          </reporter-output>
        </test-method> <!-- test02 -->
        <test-method status="PASS" signature="test03()[pri:0, instance:demo.Testng01@3fd7a715]" name="test03" duration-ms="2" started-at="2021-07-22T15:04:00 IST" finished-at="2021-07-22T15:04:00 IST">
          <reporter-output>
            <line>
              <![CDATA[Test executed]]>
            </line>
          </reporter-output>
        </test-method> <!-- test03 -->
        <test-method status="PASS" signature="test04()[pri:0, instance:demo.Testng01@3fd7a715]" name="test04" duration-ms="2" started-at="2021-07-22T15:04:00 IST" finished-at="2021-07-22T15:04:00 IST">
          <reporter-output>
          </reporter-output>
        </test-method> <!-- test04 -->
      </class> <!-- demo.Testng01 -->
      <class name="demo1.Testng02">
        <test-method status="PASS" signature="test05()[pri:0, instance:demo1.Testng02@711f39f9]" name="test05" duration-ms="2" started-at="2021-07-22T15:04:00 IST" finished-at="2021-07-22T15:04:00 IST">
          <reporter-output>
          </reporter-output>
        </test-method> <!-- test05 -->
        <test-method status="PASS" signature="test06()[pri:0, instance:demo1.Testng02@711f39f9]" name="test06" duration-ms="2" started-at="2021-07-22T15:04:00 IST" finished-at="2021-07-22T15:04:00 IST">
          <reporter-output>
            <line>
              <![CDATA[open app]]>
            </line>
          </reporter-output>
        </test-method> <!-- test06 -->
        <test-method status="PASS" signature="test07()[pri:0, instance:demo1.Testng02@711f39f9]" name="test07" duration-ms="2" started-at="2021-07-22T15:04:00 IST" finished-at="2021-07-22T15:04:00 IST">
          <reporter-output>
            <line>
              <![CDATA[Test executed]]>
            </line>
          </reporter-output>
        </test-method> <!-- test07 -->
        <test-method status="PASS" signature="test08()[pri:0, instance:demo1.Testng02@711f39f9]" name="test08" duration-ms="1" started-at="2021-07-22T15:04:00 IST" finished-at="2021-07-22T15:04:00 IST">
          <reporter-output>
          </reporter-output>
        </test-method> <!-- test08 -->
      </class> <!-- demo1.Testng02 -->
    </test> <!-- xyz -->
  </suite> <!-- Suite3 -->
</testng-results>
