<?xml version="1.0" encoding="UTF-8"?>
<!-- Generated by org.testng.reporters.JUnitXMLReporter -->
<testsuite hostname="DESKTOP-0UO3A38" ignored="0" name="xyz" tests="8" failures="0" timestamp="2021-07-22T15:04:00 IST" time="0.102" errors="0">
  <testcase name="test01" time="0.012" classname="demo.Testng01"/>
  <testcase name="test02" time="0.003" classname="demo.Testng01"/>
  <testcase name="test03" time="0.002" classname="demo.Testng01"/>
  <testcase name="test04" time="0.002" classname="demo.Testng01"/>
  <testcase name="test05" time="0.002" classname="demo1.Testng02"/>
  <testcase name="test06" time="0.002" classname="demo1.Testng02"/>
  <testcase name="test07" time="0.002" classname="demo1.Testng02"/>
  <testcase name="test08" time="0.001" classname="demo1.Testng02"/>
</testsuite> <!-- xyz -->
